  [4;36;1mSQL (29.1ms)[0m   [0;1mSET SQL_AUTO_IS_NULL=0[0m


Processing ApplicationController#index (for 127.0.0.1 at 2011-02-14 06:50:57) [GET]

ActionController::RoutingError (No route matches "/" with {:method=>:get}):
  

Rendering rescues/layout (not_found)
  [4;36;1mSQL (0.2ms)[0m   [0;1mSET SQL_AUTO_IS_NULL=0[0m


Processing PagesController#index (for 127.0.0.1 at 2011-02-14 06:52:40) [GET]

ActionController::UnknownAction (No action responded to index. Actions: ):
  

Rendering rescues/layout (not_found)
  [4;35;1mSQL (0.1ms)[0m   [0mSET SQL_AUTO_IS_NULL=0[0m


Processing PagesController#index (for 127.0.0.1 at 2011-02-14 06:52:59) [GET]

ActionView::MissingTemplate (Missing template pages/index.erb in view path app/views):
  

Rendering rescues/layout (internal_server_error)
  [4;36;1mSQL (31.4ms)[0m   [0;1mSET SQL_AUTO_IS_NULL=0[0m


Processing PagesController#index (for 127.0.0.1 at 2011-02-14 06:53:31) [GET]
Rendering template within layouts/application
Rendering pages/index
Completed in 14ms (View: 12, DB: 31) | 200 OK [http://localhost/]
  [4;35;1mSQL (0.3ms)[0m   [0mSET SQL_AUTO_IS_NULL=0[0m


Processing PagesController#index (for 127.0.0.1 at 2011-02-14 06:54:03) [GET]
Rendering template within layouts/application
Rendering pages/index
Completed in 3ms (View: 1, DB: 0) | 200 OK [http://localhost/]
  [4;36;1mSQL (67.7ms)[0m   [0;1mSET SQL_AUTO_IS_NULL=0[0m


Processing PagesController#index (for 127.0.0.1 at 2011-02-14 19:46:26) [GET]
Rendering template within layouts/application
Rendering pages/index
Completed in 1397ms (View: 1313, DB: 68) | 200 OK [http://localhost/]
  [4;35;1mSQL (0.3ms)[0m   [0mSET SQL_AUTO_IS_NULL=0[0m


Processing PagesController#index (for 127.0.0.1 at 2011-02-14 19:48:51) [GET]
Rendering template within layouts/application
Rendering pages/index
Completed in 102ms (View: 100, DB: 0) | 200 OK [http://localhost/]
  [4;36;1mSQL (130.5ms)[0m   [0;1mSET SQL_AUTO_IS_NULL=0[0m


Processing PagesController#index (for 127.0.0.1 at 2011-02-15 05:17:57) [GET]
Rendering template within layouts/application
Rendering pages/index
Completed in 360ms (View: 259, DB: 130) | 200 OK [http://localhost/]
  [4;35;1mSQL (0.1ms)[0m   [0mSET SQL_AUTO_IS_NULL=0[0m


Processing PagesController#index (for 127.0.0.1 at 2011-02-15 05:18:21) [GET]
Rendering template within layouts/application
Rendering pages/index
Completed in 4ms (View: 2, DB: 0) | 200 OK [http://localhost/]
  [4;36;1mSQL (18.5ms)[0m   [0;1mSET SQL_AUTO_IS_NULL=0[0m


Processing PagesController#index (for 127.0.0.1 at 2011-02-15 05:18:48) [GET]
Rendering template within layouts/application
Rendering pages/index
Completed in 3ms (View: 2, DB: 18) | 200 OK [http://localhost/]
  [4;35;1mSQL (19.2ms)[0m   [0mSET SQL_AUTO_IS_NULL=0[0m


Processing PagesController#index (for 127.0.0.1 at 2011-02-15 05:19:05) [GET]
Rendering template within layouts/application
Rendering pages/index
Completed in 27ms (View: 25, DB: 19) | 200 OK [http://localhost/]
  [4;36;1mSQL (26.9ms)[0m   [0;1mSET SQL_AUTO_IS_NULL=0[0m


Processing PagesController#index (for 127.0.0.1 at 2011-02-15 05:27:15) [GET]
Rendering template within layouts/application
Rendering pages/index
Completed in 25ms (View: 23, DB: 27) | 200 OK [http://localhost/]
  [4;35;1mSQL (0.1ms)[0m   [0mSET SQL_AUTO_IS_NULL=0[0m


Processing PagesController#index (for 127.0.0.1 at 2011-02-15 05:27:34) [GET]
Rendering template within layouts/application
Rendering pages/index
Completed in 3ms (View: 2, DB: 0) | 200 OK [http://localhost/]
  [4;36;1mSQL (0.2ms)[0m   [0;1mSET SQL_AUTO_IS_NULL=0[0m


Processing PagesController#index (for 127.0.0.1 at 2011-02-15 05:27:47) [GET]
Rendering template within layouts/application
Rendering pages/index
Completed in 3ms (View: 2, DB: 0) | 200 OK [http://localhost/]
  [4;35;1mSQL (0.2ms)[0m   [0mSET SQL_AUTO_IS_NULL=0[0m


Processing PagesController#index (for 127.0.0.1 at 2011-02-15 05:28:05) [GET]
Rendering template within layouts/application
Rendering pages/index
Completed in 3ms (View: 1, DB: 0) | 200 OK [http://localhost/]
  [4;36;1mSQL (0.1ms)[0m   [0;1mSET SQL_AUTO_IS_NULL=0[0m


Processing PagesController#index (for 127.0.0.1 at 2011-02-15 05:29:31) [GET]
Rendering template within layouts/application
Rendering pages/index
Completed in 3ms (View: 2, DB: 0) | 200 OK [http://localhost/]
  [4;35;1mSQL (0.1ms)[0m   [0mSET SQL_AUTO_IS_NULL=0[0m


Processing PagesController#index (for 127.0.0.1 at 2011-02-15 05:30:21) [GET]
Rendering template within layouts/application
Rendering pages/index
Completed in 3ms (View: 2, DB: 0) | 200 OK [http://localhost/]
  [4;36;1mSQL (0.2ms)[0m   [0;1mSET SQL_AUTO_IS_NULL=0[0m


Processing PagesController#index (for 127.0.0.1 at 2011-02-15 05:30:55) [GET]
Rendering template within layouts/application
Rendering pages/index
Completed in 3ms (View: 2, DB: 0) | 200 OK [http://localhost/]
  [4;35;1mSQL (0.1ms)[0m   [0mSET SQL_AUTO_IS_NULL=0[0m


Processing PagesController#index (for 127.0.0.1 at 2011-02-15 05:32:56) [GET]
Rendering template within layouts/application
Rendering pages/index
Completed in 3ms (View: 2, DB: 0) | 200 OK [http://localhost/]
  [4;36;1mSQL (0.1ms)[0m   [0;1mSET SQL_AUTO_IS_NULL=0[0m


Processing PagesController#index (for 127.0.0.1 at 2011-02-15 05:33:25) [GET]
Rendering template within layouts/application
Rendering pages/index
Completed in 4ms (View: 2, DB: 0) | 200 OK [http://localhost/]
  [4;35;1mSQL (0.1ms)[0m   [0mSET SQL_AUTO_IS_NULL=0[0m


Processing PagesController#index (for 127.0.0.1 at 2011-02-15 05:33:39) [GET]
Rendering template within layouts/application
Rendering pages/index
Completed in 3ms (View: 2, DB: 0) | 200 OK [http://localhost/]
  [4;36;1mSQL (0.1ms)[0m   [0;1mSET SQL_AUTO_IS_NULL=0[0m


Processing PagesController#index (for 127.0.0.1 at 2011-02-15 05:34:14) [GET]
Rendering template within layouts/application
Rendering pages/index
Completed in 14ms (View: 12, DB: 0) | 200 OK [http://localhost/]
  [4;35;1mSQL (0.1ms)[0m   [0mSET SQL_AUTO_IS_NULL=0[0m


Processing PagesController#index (for 127.0.0.1 at 2011-02-15 05:34:41) [GET]
Rendering template within layouts/application
Rendering pages/index
Completed in 3ms (View: 2, DB: 0) | 200 OK [http://localhost/]
  [4;36;1mSQL (0.1ms)[0m   [0;1mSET SQL_AUTO_IS_NULL=0[0m


Processing PagesController#index (for 127.0.0.1 at 2011-02-15 05:34:55) [GET]
Rendering template within layouts/application
Rendering pages/index
Completed in 3ms (View: 2, DB: 0) | 200 OK [http://localhost/]
  [4;35;1mSQL (0.2ms)[0m   [0mSET SQL_AUTO_IS_NULL=0[0m


Processing PagesController#index (for 127.0.0.1 at 2011-02-15 05:35:09) [GET]
Rendering template within layouts/application
Rendering pages/index
Completed in 3ms (View: 2, DB: 0) | 200 OK [http://localhost/]
  [4;36;1mSQL (0.2ms)[0m   [0;1mSET SQL_AUTO_IS_NULL=0[0m


Processing PagesController#index (for 127.0.0.1 at 2011-02-15 05:35:26) [GET]
Rendering template within layouts/application
Rendering pages/index
Completed in 59ms (View: 2, DB: 0) | 200 OK [http://localhost/]
  [4;35;1mSQL (0.1ms)[0m   [0mSET SQL_AUTO_IS_NULL=0[0m


Processing PagesController#index (for 127.0.0.1 at 2011-02-15 05:37:50) [GET]
Rendering template within layouts/application
Rendering pages/index
Completed in 14ms (View: 13, DB: 0) | 200 OK [http://localhost/]
  [4;36;1mSQL (0.1ms)[0m   [0;1mSET SQL_AUTO_IS_NULL=0[0m


Processing PagesController#index (for 127.0.0.1 at 2011-02-15 05:38:17) [GET]
Rendering template within layouts/application
Rendering pages/index
Completed in 3ms (View: 2, DB: 0) | 200 OK [http://localhost/]
  [4;35;1mSQL (0.1ms)[0m   [0mSET SQL_AUTO_IS_NULL=0[0m


Processing PagesController#index (for 127.0.0.1 at 2011-02-15 05:53:17) [GET]
Rendering template within layouts/application
Rendering pages/index
Completed in 26ms (View: 24, DB: 0) | 200 OK [http://localhost/]
  [4;36;1mSQL (0.1ms)[0m   [0;1mSET SQL_AUTO_IS_NULL=0[0m


Processing PagesController#index (for 127.0.0.1 at 2011-02-15 05:54:22) [GET]
Rendering template within layouts/application
Rendering pages/index
Completed in 31ms (View: 29, DB: 0) | 200 OK [http://localhost/]
  [4;35;1mSQL (0.1ms)[0m   [0mSET SQL_AUTO_IS_NULL=0[0m


Processing PagesController#index (for 127.0.0.1 at 2011-02-15 05:57:37) [GET]
Rendering template within layouts/application
Rendering pages/index
Completed in 34ms (View: 32, DB: 0) | 200 OK [http://localhost/]
  [4;36;1mSQL (0.1ms)[0m   [0;1mSET SQL_AUTO_IS_NULL=0[0m


Processing PagesController#index (for 127.0.0.1 at 2011-02-15 05:57:59) [GET]
Rendering template within layouts/application
Rendering pages/index
Completed in 3ms (View: 2, DB: 0) | 200 OK [http://localhost/]
  [4;35;1mSQL (0.1ms)[0m   [0mSET SQL_AUTO_IS_NULL=0[0m


Processing PagesController#index (for 127.0.0.1 at 2011-02-15 05:58:26) [GET]
Rendering template within layouts/application
Rendering pages/index
Completed in 3ms (View: 2, DB: 0) | 200 OK [http://localhost/]
  [4;36;1mSQL (0.2ms)[0m   [0;1mSET SQL_AUTO_IS_NULL=0[0m


Processing PagesController#index (for 127.0.0.1 at 2011-02-15 05:59:01) [GET]
Rendering template within layouts/application
Rendering pages/index
Completed in 3ms (View: 2, DB: 0) | 200 OK [http://localhost/]
  [4;35;1mSQL (82.2ms)[0m   [0mSET SQL_AUTO_IS_NULL=0[0m


Processing PagesController#index (for 127.0.0.1 at 2011-02-15 05:59:13) [GET]
Rendering template within layouts/application
Rendering pages/index
Completed in 3ms (View: 2, DB: 82) | 200 OK [http://localhost/]
  [4;36;1mSQL (0.1ms)[0m   [0;1mSET SQL_AUTO_IS_NULL=0[0m


Processing PagesController#index (for 127.0.0.1 at 2011-02-15 05:59:31) [GET]
Rendering template within layouts/application
Rendering pages/index
Completed in 3ms (View: 2, DB: 0) | 200 OK [http://localhost/]
  [4;35;1mSQL (0.1ms)[0m   [0mSET SQL_AUTO_IS_NULL=0[0m


Processing PagesController#index (for 127.0.0.1 at 2011-02-15 05:59:40) [GET]
Rendering template within layouts/application
Rendering pages/index
Completed in 3ms (View: 2, DB: 0) | 200 OK [http://localhost/]
  [4;36;1mSQL (0.1ms)[0m   [0;1mSET SQL_AUTO_IS_NULL=0[0m


Processing PagesController#index (for 127.0.0.1 at 2011-02-15 06:00:04) [GET]
Rendering template within layouts/application
Rendering pages/index
Completed in 3ms (View: 2, DB: 0) | 200 OK [http://localhost/]
  [4;35;1mSQL (0.1ms)[0m   [0mSET SQL_AUTO_IS_NULL=0[0m


Processing PagesController#index (for 127.0.0.1 at 2011-02-15 06:00:24) [GET]
Rendering template within layouts/application
Rendering pages/index
Completed in 3ms (View: 2, DB: 0) | 200 OK [http://localhost/]
  [4;36;1mSQL (23.5ms)[0m   [0;1mSET SQL_AUTO_IS_NULL=0[0m


Processing PagesController#index (for 127.0.0.1 at 2011-02-15 06:00:33) [GET]
Rendering template within layouts/application
Rendering pages/index
Completed in 3ms (View: 2, DB: 23) | 200 OK [http://localhost/]
  [4;35;1mSQL (0.1ms)[0m   [0mSET SQL_AUTO_IS_NULL=0[0m


Processing PagesController#index (for 127.0.0.1 at 2011-02-15 06:00:58) [GET]
Rendering template within layouts/application
Rendering pages/index
Completed in 3ms (View: 2, DB: 0) | 200 OK [http://localhost/]
  [4;36;1mSQL (0.1ms)[0m   [0;1mSET SQL_AUTO_IS_NULL=0[0m


Processing PagesController#index (for 127.0.0.1 at 2011-02-15 06:10:38) [GET]
Rendering template within layouts/application
Rendering pages/index
Completed in 40ms (View: 38, DB: 0) | 200 OK [http://localhost/]
  [4;35;1mSQL (0.1ms)[0m   [0mSET SQL_AUTO_IS_NULL=0[0m


Processing PagesController#index (for 127.0.0.1 at 2011-02-15 06:10:52) [GET]
Rendering template within layouts/application
Rendering pages/index
Completed in 8ms (View: 6, DB: 0) | 200 OK [http://localhost/]
  [4;36;1mSQL (0.2ms)[0m   [0;1mSET SQL_AUTO_IS_NULL=0[0m


Processing PagesController#index (for 127.0.0.1 at 2011-02-15 06:11:32) [GET]
Rendering template within layouts/application
Rendering pages/index
Completed in 7ms (View: 6, DB: 0) | 200 OK [http://localhost/]
  [4;35;1mSQL (0.2ms)[0m   [0mSET SQL_AUTO_IS_NULL=0[0m


Processing PagesController#index (for 127.0.0.1 at 2011-02-15 06:11:54) [GET]
Rendering template within layouts/application
Rendering pages/index
Completed in 7ms (View: 6, DB: 0) | 200 OK [http://localhost/]
  [4;36;1mSQL (0.1ms)[0m   [0;1mSET SQL_AUTO_IS_NULL=0[0m


Processing PagesController#index (for 127.0.0.1 at 2011-02-15 06:12:09) [GET]
Rendering template within layouts/application
Rendering pages/index
Completed in 3ms (View: 2, DB: 0) | 200 OK [http://localhost/]
  [4;35;1mSQL (0.1ms)[0m   [0mSET SQL_AUTO_IS_NULL=0[0m


Processing PagesController#index (for 127.0.0.1 at 2011-02-15 06:13:11) [GET]
Rendering template within layouts/application
Rendering pages/index
Completed in 8ms (View: 7, DB: 0) | 200 OK [http://localhost/]
  [4;36;1mSQL (0.2ms)[0m   [0;1mSET SQL_AUTO_IS_NULL=0[0m


Processing PagesController#index (for 127.0.0.1 at 2011-02-15 06:13:33) [GET]
Rendering template within layouts/application
Rendering pages/index
Completed in 8ms (View: 6, DB: 0) | 200 OK [http://localhost/]
  [4;35;1mSQL (0.1ms)[0m   [0mSET SQL_AUTO_IS_NULL=0[0m


Processing PagesController#index (for 127.0.0.1 at 2011-02-15 06:14:00) [GET]
Rendering template within layouts/application
Rendering pages/index
Completed in 8ms (View: 6, DB: 0) | 200 OK [http://localhost/]
  [4;36;1mSQL (0.1ms)[0m   [0;1mSET SQL_AUTO_IS_NULL=0[0m


Processing PagesController#index (for 127.0.0.1 at 2011-02-15 06:14:14) [GET]
Rendering template within layouts/application
Rendering pages/index
Completed in 3ms (View: 2, DB: 0) | 200 OK [http://localhost/]
  [4;35;1mSQL (0.1ms)[0m   [0mSET SQL_AUTO_IS_NULL=0[0m


Processing PagesController#index (for 127.0.0.1 at 2011-02-15 06:15:21) [GET]
Rendering template within layouts/application
Rendering pages/index
Completed in 3ms (View: 2, DB: 0) | 200 OK [http://localhost/]
  [4;36;1mSQL (0.2ms)[0m   [0;1mSET SQL_AUTO_IS_NULL=0[0m


Processing PagesController#index (for 127.0.0.1 at 2011-02-15 06:15:50) [GET]
Rendering template within layouts/application
Rendering pages/index
Completed in 3ms (View: 2, DB: 0) | 200 OK [http://localhost/]
  [4;35;1mSQL (0.1ms)[0m   [0mSET SQL_AUTO_IS_NULL=0[0m


Processing PagesController#index (for 127.0.0.1 at 2011-02-15 06:16:13) [GET]
Rendering template within layouts/application
Rendering pages/index
Completed in 3ms (View: 2, DB: 0) | 200 OK [http://localhost/]
  [4;36;1mSQL (0.1ms)[0m   [0;1mSET SQL_AUTO_IS_NULL=0[0m


Processing PagesController#index (for 127.0.0.1 at 2011-02-15 06:16:38) [GET]
Rendering template within layouts/application
Rendering pages/index
Completed in 3ms (View: 2, DB: 0) | 200 OK [http://localhost/]
  [4;35;1mSQL (0.1ms)[0m   [0mSET SQL_AUTO_IS_NULL=0[0m


Processing PagesController#index (for 127.0.0.1 at 2011-02-15 06:28:59) [GET]
Rendering template within layouts/application
Rendering pages/index
Completed in 14ms (View: 12, DB: 0) | 200 OK [http://localhost/]
  [4;36;1mSQL (0.1ms)[0m   [0;1mSET SQL_AUTO_IS_NULL=0[0m


Processing PagesController#index (for 127.0.0.1 at 2011-02-15 06:32:34) [GET]
Rendering template within layouts/application
Rendering pages/index
Completed in 37ms (View: 35, DB: 0) | 200 OK [http://localhost/]
  [4;35;1mSQL (0.1ms)[0m   [0mSET SQL_AUTO_IS_NULL=0[0m


Processing PagesController#index (for 127.0.0.1 at 2011-02-15 06:33:54) [GET]
Rendering template within layouts/application
Rendering pages/index
Completed in 3ms (View: 2, DB: 0) | 200 OK [http://localhost/]
  [4;36;1mSQL (0.2ms)[0m   [0;1mSET SQL_AUTO_IS_NULL=0[0m


Processing PagesController#index (for 127.0.0.1 at 2011-02-15 06:34:18) [GET]
Rendering template within layouts/application
Rendering pages/index
Completed in 4ms (View: 2, DB: 0) | 200 OK [http://localhost/]
  [4;35;1mSQL (0.1ms)[0m   [0mSET SQL_AUTO_IS_NULL=0[0m


Processing PagesController#index (for 127.0.0.1 at 2011-02-15 06:34:58) [GET]
Rendering template within layouts/application
Rendering pages/index
Completed in 3ms (View: 2, DB: 0) | 200 OK [http://localhost/]
  [4;36;1mSQL (0.1ms)[0m   [0;1mSET SQL_AUTO_IS_NULL=0[0m


Processing PagesController#index (for 127.0.0.1 at 2011-02-15 06:35:05) [GET]
Rendering template within layouts/application
Rendering pages/index
Completed in 4ms (View: 2, DB: 0) | 200 OK [http://localhost/]
  [4;35;1mSQL (0.1ms)[0m   [0mSET SQL_AUTO_IS_NULL=0[0m


Processing PagesController#index (for 127.0.0.1 at 2011-02-15 06:46:37) [GET]
Rendering template within layouts/application
Rendering pages/index
Completed in 9ms (View: 7, DB: 0) | 200 OK [http://localhost/]
  [4;36;1mSQL (0.4ms)[0m   [0;1mSET SQL_AUTO_IS_NULL=0[0m


Processing PagesController#index (for 127.0.0.1 at 2011-02-15 06:46:39) [GET]
Rendering template within layouts/application
Rendering pages/index
Completed in 3ms (View: 2, DB: 0) | 200 OK [http://localhost/]
  [4;35;1mSQL (0.2ms)[0m   [0mSET SQL_AUTO_IS_NULL=0[0m


Processing PagesController#index (for 127.0.0.1 at 2011-02-15 06:49:11) [GET]
Rendering template within layouts/application
Rendering pages/index
Completed in 21ms (View: 19, DB: 0) | 200 OK [http://localhost/]
